Traceback (most recent call last):
  File "/usr/local/lib/python3.8/dist-packages/jupyter_cache/executors/utils.py", line 51, in single_nb_execution
    executenb(
  File "/usr/local/lib/python3.8/dist-packages/nbclient/client.py", line 1204, in execute
    return NotebookClient(nb=nb, resources=resources, km=km, **kwargs).execute()
  File "/usr/local/lib/python3.8/dist-packages/nbclient/util.py", line 84, in wrapped
    return just_run(coro(*args, **kwargs))
  File "/usr/local/lib/python3.8/dist-packages/nbclient/util.py", line 62, in just_run
    return loop.run_until_complete(coro)
  File "/usr/lib/python3.8/asyncio/base_events.py", line 616, in run_until_complete
    return future.result()
  File "/usr/local/lib/python3.8/dist-packages/nbclient/client.py", line 663, in async_execute
    await self.async_execute_cell(
  File "/usr/local/lib/python3.8/dist-packages/nbclient/client.py", line 965, in async_execute_cell
    await self._check_raise_for_error(cell, cell_index, exec_reply)
  File "/usr/local/lib/python3.8/dist-packages/nbclient/client.py", line 862, in _check_raise_for_error
    raise CellExecutionError.from_cell_and_msg(cell, exec_reply_content)
nbclient.exceptions.CellExecutionError: An error occurred while executing the following cell:
------------------
# まずは全てインポート
import numpy as np
from qiskit import QuantumCircuit, transpile
from qiskit.tools.monitor import job_monitor
from qiskit_aer import AerSimulator
from qiskit_ibm_provider import IBMProvider, least_busy
from qiskit_ibm_provider.accounts import AccountNotFoundError
# このワークブック独自のモジュール
from qc_workbook.dynamics import plot_heisenberg_spins
from qc_workbook.utils import operational_backend
------------------

[0;31m---------------------------------------------------------------------------[0m
[0;31mModuleNotFoundError[0m                       Traceback (most recent call last)
Input [0;32mIn [6][0m, in [0;36m<cell line: 5>[0;34m()[0m
[1;32m      3[0m [38;5;28;01mfrom[39;00m [38;5;21;01mqiskit[39;00m [38;5;28;01mimport[39;00m QuantumCircuit, transpile
[1;32m      4[0m [38;5;28;01mfrom[39;00m [38;5;21;01mqiskit[39;00m[38;5;21;01m.[39;00m[38;5;21;01mtools[39;00m[38;5;21;01m.[39;00m[38;5;21;01mmonitor[39;00m [38;5;28;01mimport[39;00m job_monitor
[0;32m----> 5[0m [38;5;28;01mfrom[39;00m [38;5;21;01mqiskit_aer[39;00m [38;5;28;01mimport[39;00m AerSimulator
[1;32m      6[0m [38;5;28;01mfrom[39;00m [38;5;21;01mqiskit_ibm_provider[39;00m [38;5;28;01mimport[39;00m IBMProvider, least_busy
[1;32m      7[0m [38;5;28;01mfrom[39;00m [38;5;21;01mqiskit_ibm_provider[39;00m[38;5;21;01m.[39;00m[38;5;21;01maccounts[39;00m [38;5;28;01mimport[39;00m AccountNotFoundError

[0;31mModuleNotFoundError[0m: No module named 'qiskit_aer'
ModuleNotFoundError: No module named 'qiskit_aer'

