Traceback (most recent call last):
  File "/usr/local/lib/python3.8/dist-packages/jupyter_cache/executors/utils.py", line 51, in single_nb_execution
    executenb(
  File "/usr/local/lib/python3.8/dist-packages/nbclient/client.py", line 1204, in execute
    return NotebookClient(nb=nb, resources=resources, km=km, **kwargs).execute()
  File "/usr/local/lib/python3.8/dist-packages/nbclient/util.py", line 84, in wrapped
    return just_run(coro(*args, **kwargs))
  File "/usr/local/lib/python3.8/dist-packages/nbclient/util.py", line 62, in just_run
    return loop.run_until_complete(coro)
  File "/usr/lib/python3.8/asyncio/base_events.py", line 616, in run_until_complete
    return future.result()
  File "/usr/local/lib/python3.8/dist-packages/nbclient/client.py", line 663, in async_execute
    await self.async_execute_cell(
  File "/usr/local/lib/python3.8/dist-packages/nbclient/client.py", line 965, in async_execute_cell
    await self._check_raise_for_error(cell, cell_index, exec_reply)
  File "/usr/local/lib/python3.8/dist-packages/nbclient/client.py", line 862, in _check_raise_for_error
    raise CellExecutionError.from_cell_and_msg(cell, exec_reply_content)
nbclient.exceptions.CellExecutionError: An error occurred while executing the following cell:
------------------
x = []
y = []

# 例えば10回繰り返す
for Niter in range(1,11):
    grover_circuit_iterN = QuantumCircuit(n)
    grover_circuit_iterN.h(range(n))
    for I in range(Niter):
        grover_circuit_iterN.append(oracle_gate, list(range(n)))
        grover_circuit_iterN.append(diffuser(n), list(range(n)))
    grover_circuit_iterN.measure_all()
    #print(grover_circuit_iterN)

    grover_circuit_iterN_tr = transpile(grover_circuit_iterN, backend=simulator)
    results = simulator.run(grover_circuit_iterN_tr, shots=1024).result()
    answer = results.get_counts()
    #show_distribution(answer)

    x.append(Niter)
    y.append(answer_sim_iterN_tr[format(Nsol,'b').zfill(n)])

plt.clf()
plt.scatter(x,y)
plt.xlabel('N_iterations')
plt.ylabel('# of correct observations (1 solution)')
plt.show()
------------------

[0;31m---------------------------------------------------------------------------[0m
[0;31mNameError[0m                                 Traceback (most recent call last)
Input [0;32mIn [10][0m, in [0;36m<cell line: 5>[0;34m()[0m
[1;32m     17[0m     [38;5;66;03m#show_distribution(answer)[39;00m
[1;32m     19[0m     x[38;5;241m.[39mappend(Niter)
[0;32m---> 20[0m     y[38;5;241m.[39mappend([43manswer_sim_iterN_tr[49m[[38;5;28mformat[39m(Nsol,[38;5;124m'[39m[38;5;124mb[39m[38;5;124m'[39m)[38;5;241m.[39mzfill(n)])
[1;32m     22[0m plt[38;5;241m.[39mclf()
[1;32m     23[0m plt[38;5;241m.[39mscatter(x,y)

[0;31mNameError[0m: name 'answer_sim_iterN_tr' is not defined
NameError: name 'answer_sim_iterN_tr' is not defined

