Traceback (most recent call last):
  File "/usr/local/lib/python3.8/dist-packages/jupyter_cache/executors/utils.py", line 51, in single_nb_execution
    executenb(
  File "/usr/local/lib/python3.8/dist-packages/nbclient/client.py", line 1204, in execute
    return NotebookClient(nb=nb, resources=resources, km=km, **kwargs).execute()
  File "/usr/local/lib/python3.8/dist-packages/nbclient/util.py", line 84, in wrapped
    return just_run(coro(*args, **kwargs))
  File "/usr/local/lib/python3.8/dist-packages/nbclient/util.py", line 62, in just_run
    return loop.run_until_complete(coro)
  File "/usr/lib/python3.8/asyncio/base_events.py", line 616, in run_until_complete
    return future.result()
  File "/usr/local/lib/python3.8/dist-packages/nbclient/client.py", line 663, in async_execute
    await self.async_execute_cell(
  File "/usr/local/lib/python3.8/dist-packages/nbclient/client.py", line 965, in async_execute_cell
    await self._check_raise_for_error(cell, cell_index, exec_reply)
  File "/usr/local/lib/python3.8/dist-packages/nbclient/client.py", line 862, in _check_raise_for_error
    raise CellExecutionError.from_cell_and_msg(cell, exec_reply_content)
nbclient.exceptions.CellExecutionError: An error occurred while executing the following cell:
------------------
# まず必要なモジュールをインポートする
import numpy as np
import matplotlib.pyplot as plt
from qiskit import QuantumRegister, ClassicalRegister, QuantumCircuit, Aer, transpile
from qiskit.visualization import plot_histogram
# ワークブック独自のモジュール
from qc_workbook.hamiltonian import make_hamiltonian
from qc_workbook.show_state import show_state

print('notebook ready')
------------------

[0;31m---------------------------------------------------------------------------[0m
[0;31mModuleNotFoundError[0m                       Traceback (most recent call last)
Input [0;32mIn [1][0m, in [0;36m<cell line: 8>[0;34m()[0m
[1;32m      6[0m [38;5;66;03m# ワークブック独自のモジュール[39;00m
[1;32m      7[0m [38;5;28;01mfrom[39;00m [38;5;21;01mqc_workbook[39;00m[38;5;21;01m.[39;00m[38;5;21;01mhamiltonian[39;00m [38;5;28;01mimport[39;00m make_hamiltonian
[0;32m----> 8[0m [38;5;28;01mfrom[39;00m [38;5;21;01mqc_workbook[39;00m[38;5;21;01m.[39;00m[38;5;21;01mshow_state[39;00m [38;5;28;01mimport[39;00m show_state
[1;32m     10[0m [38;5;28mprint[39m([38;5;124m'[39m[38;5;124mnotebook ready[39m[38;5;124m'[39m)

File [0;32m/qc-workbook/source/ja/qc_workbook/show_state.py:6[0m, in [0;36m<module>[0;34m[0m
[1;32m      4[0m [38;5;28;01mimport[39;00m [38;5;21;01mmatplotlib[39;00m[38;5;21;01m.[39;00m[38;5;21;01mpyplot[39;00m [38;5;28;01mas[39;00m [38;5;21;01mplt[39;00m
[1;32m      5[0m [38;5;28;01mfrom[39;00m [38;5;21;01mqiskit[39;00m [38;5;28;01mimport[39;00m transpile, QuantumCircuit
[0;32m----> 6[0m [38;5;28;01mfrom[39;00m [38;5;21;01mqiskit_aer[39;00m [38;5;28;01mimport[39;00m AerSimulator
[1;32m      8[0m [38;5;28;01mdef[39;00m [38;5;21mshow_state[39m(
[1;32m      9[0m     statevector: Union[QuantumCircuit, np[38;5;241m.[39mndarray],
[1;32m     10[0m     amp_norm: Optional[Tuple[[38;5;28mfloat[39m, [38;5;28mstr[39m]] [38;5;241m=[39m [38;5;28;01mNone[39;00m,
[0;32m   (...)[0m
[1;32m     17[0m     ax: Optional[mpl[38;5;241m.[39maxes[38;5;241m.[39mAxes] [38;5;241m=[39m [38;5;28;01mNone[39;00m
[1;32m     18[0m ) [38;5;241m-[39m[38;5;241m>[39m Union[[38;5;28;01mNone[39;00m, mpl[38;5;241m.[39mfigure[38;5;241m.[39mFigure]:
[1;32m     19[0m     [38;5;124;03m"""Show the quantum state of the circuit as text in a matplotlib Figure.[39;00m
[1;32m     20[0m 
[1;32m     21[0m [38;5;124;03m    Args:[39;00m
[0;32m   (...)[0m
[1;32m     33[0m [38;5;124;03m        The newly created figure object if ax is None.[39;00m
[1;32m     34[0m [38;5;124;03m    """[39;00m

[0;31mModuleNotFoundError[0m: No module named 'qiskit_aer'
ModuleNotFoundError: No module named 'qiskit_aer'

