Traceback (most recent call last):
  File "/usr/local/lib/python3.8/dist-packages/jupyter_cache/executors/utils.py", line 51, in single_nb_execution
    executenb(
  File "/usr/local/lib/python3.8/dist-packages/nbclient/client.py", line 1204, in execute
    return NotebookClient(nb=nb, resources=resources, km=km, **kwargs).execute()
  File "/usr/local/lib/python3.8/dist-packages/nbclient/util.py", line 84, in wrapped
    return just_run(coro(*args, **kwargs))
  File "/usr/local/lib/python3.8/dist-packages/nbclient/util.py", line 62, in just_run
    return loop.run_until_complete(coro)
  File "/usr/lib/python3.8/asyncio/base_events.py", line 616, in run_until_complete
    return future.result()
  File "/usr/local/lib/python3.8/dist-packages/nbclient/client.py", line 663, in async_execute
    await self.async_execute_cell(
  File "/usr/local/lib/python3.8/dist-packages/nbclient/client.py", line 965, in async_execute_cell
    await self._check_raise_for_error(cell, cell_index, exec_reply)
  File "/usr/local/lib/python3.8/dist-packages/nbclient/client.py", line 862, in _check_raise_for_error
    raise CellExecutionError.from_cell_and_msg(cell, exec_reply_content)
nbclient.exceptions.CellExecutionError: An error occurred while executing the following cell:
------------------
import numpy as np
import matplotlib.pyplot as plt
import pandas as pd
from IPython.display import clear_output
from sklearn.preprocessing import MinMaxScaler

from qiskit import QuantumCircuit
from qiskit.circuit import Parameter, ParameterVector
from qiskit.circuit.library import TwoLocal, ZFeatureMap, ZZFeatureMap
from qiskit.primitives import Estimator, Sampler
from qiskit.quantum_info import SparsePauliOp
from qiskit_machine_learning.algorithms.classifiers import VQC
#from qiskit.utils import split_dataset_to_data_and_labels, map_label_to_class_name
from qiskit.algorithms.optimizers import SPSA, COBYLA
from qiskit_ibm_runtime import Session, Sampler as RuntimeSampler
------------------

[0;31m---------------------------------------------------------------------------[0m
[0;31mModuleNotFoundError[0m                       Traceback (most recent call last)
Input [0;32mIn [1][0m, in [0;36m<cell line: 15>[0;34m()[0m
[1;32m     13[0m [38;5;66;03m#from qiskit.utils import split_dataset_to_data_and_labels, map_label_to_class_name[39;00m
[1;32m     14[0m [38;5;28;01mfrom[39;00m [38;5;21;01mqiskit[39;00m[38;5;21;01m.[39;00m[38;5;21;01malgorithms[39;00m[38;5;21;01m.[39;00m[38;5;21;01moptimizers[39;00m [38;5;28;01mimport[39;00m SPSA, COBYLA
[0;32m---> 15[0m [38;5;28;01mfrom[39;00m [38;5;21;01mqiskit_ibm_runtime[39;00m [38;5;28;01mimport[39;00m Session, Sampler [38;5;28;01mas[39;00m RuntimeSampler

[0;31mModuleNotFoundError[0m: No module named 'qiskit_ibm_runtime'
ModuleNotFoundError: No module named 'qiskit_ibm_runtime'

